2023-02-09 14:00:26,785 INFO [ClientConnectionEventListenerRegistry] registry listener - ConnectionBasedClientManager

2023-02-09 14:00:28,121 INFO [ClientConnectionEventListenerRegistry] registry listener - ConfigConnectionEventListener

2023-02-09 14:00:28,194 INFO [ClientConnectionEventListenerRegistry] registry listener - RpcAckCallbackInitorOrCleaner

2023-02-09 14:00:28,354 INFO Nacos GrpcSdkServer Rpc server starting at port 9848

2023-02-09 14:00:28,729 INFO Nacos GrpcSdkServer Rpc server started at port 9848

2023-02-09 14:00:28,731 INFO Nacos GrpcClusterServer Rpc server starting at port 9849

2023-02-09 14:00:28,735 INFO Nacos GrpcClusterServer Rpc server started at port 9849

2023-07-24 19:44:21,680 INFO [ClientConnectionEventListenerRegistry] registry listener - ConnectionBasedClientManager

2023-07-24 19:44:37,493 INFO [ClientConnectionEventListenerRegistry] registry listener - ConnectionBasedClientManager

2023-07-24 19:44:54,951 INFO [ClientConnectionEventListenerRegistry] registry listener - ConnectionBasedClientManager

2023-07-24 19:45:10,725 INFO [ClientConnectionEventListenerRegistry] registry listener - ConnectionBasedClientManager

2023-07-24 19:45:25,945 INFO [ClientConnectionEventListenerRegistry] registry listener - ConnectionBasedClientManager

2023-07-24 19:45:41,302 INFO [ClientConnectionEventListenerRegistry] registry listener - ConnectionBasedClientManager

2023-07-24 19:45:56,284 INFO [ClientConnectionEventListenerRegistry] registry listener - ConnectionBasedClientManager

2023-07-24 19:46:11,420 INFO [ClientConnectionEventListenerRegistry] registry listener - ConnectionBasedClientManager

2023-07-24 19:46:26,222 INFO [ClientConnectionEventListenerRegistry] registry listener - ConnectionBasedClientManager

2023-07-24 19:46:41,079 INFO [ClientConnectionEventListenerRegistry] registry listener - ConnectionBasedClientManager

2023-07-24 19:46:55,951 INFO [ClientConnectionEventListenerRegistry] registry listener - ConnectionBasedClientManager

2023-07-24 19:47:10,802 INFO [ClientConnectionEventListenerRegistry] registry listener - ConnectionBasedClientManager

2023-07-24 19:47:26,776 INFO [ClientConnectionEventListenerRegistry] registry listener - ConnectionBasedClientManager

2023-07-24 19:47:42,500 INFO [ClientConnectionEventListenerRegistry] registry listener - ConnectionBasedClientManager

2023-07-24 19:47:58,433 INFO [ClientConnectionEventListenerRegistry] registry listener - ConnectionBasedClientManager

2023-07-24 19:48:13,219 INFO [ClientConnectionEventListenerRegistry] registry listener - ConnectionBasedClientManager

2023-07-24 19:48:28,080 INFO [ClientConnectionEventListenerRegistry] registry listener - ConnectionBasedClientManager

2023-07-24 19:48:42,622 INFO [ClientConnectionEventListenerRegistry] registry listener - ConnectionBasedClientManager

2023-07-24 19:48:57,405 INFO [ClientConnectionEventListenerRegistry] registry listener - ConnectionBasedClientManager

2023-07-24 19:49:11,998 INFO [ClientConnectionEventListenerRegistry] registry listener - ConnectionBasedClientManager

2023-07-24 19:49:27,875 INFO [ClientConnectionEventListenerRegistry] registry listener - ConnectionBasedClientManager

2023-07-24 19:49:43,508 INFO [ClientConnectionEventListenerRegistry] registry listener - ConnectionBasedClientManager

2023-07-24 19:49:58,841 INFO [ClientConnectionEventListenerRegistry] registry listener - ConnectionBasedClientManager

2023-07-24 19:50:13,385 INFO [ClientConnectionEventListenerRegistry] registry listener - ConnectionBasedClientManager

2023-07-24 19:50:27,895 INFO [ClientConnectionEventListenerRegistry] registry listener - ConnectionBasedClientManager

2023-07-24 19:50:44,086 INFO [ClientConnectionEventListenerRegistry] registry listener - ConnectionBasedClientManager

2023-07-24 19:51:00,615 INFO [ClientConnectionEventListenerRegistry] registry listener - ConnectionBasedClientManager

2023-07-24 19:51:15,377 INFO [ClientConnectionEventListenerRegistry] registry listener - ConnectionBasedClientManager

2023-07-24 19:51:29,870 INFO [ClientConnectionEventListenerRegistry] registry listener - ConnectionBasedClientManager

2023-07-24 19:51:44,489 INFO [ClientConnectionEventListenerRegistry] registry listener - ConnectionBasedClientManager

2023-07-24 19:51:58,952 INFO [ClientConnectionEventListenerRegistry] registry listener - ConnectionBasedClientManager

2023-07-24 19:52:13,518 INFO [ClientConnectionEventListenerRegistry] registry listener - ConnectionBasedClientManager

2023-07-24 19:52:28,401 INFO [ClientConnectionEventListenerRegistry] registry listener - ConnectionBasedClientManager

2023-07-24 19:52:43,226 INFO [ClientConnectionEventListenerRegistry] registry listener - ConnectionBasedClientManager

2023-07-24 19:52:57,905 INFO [ClientConnectionEventListenerRegistry] registry listener - ConnectionBasedClientManager

2023-07-24 19:53:12,305 INFO [ClientConnectionEventListenerRegistry] registry listener - ConnectionBasedClientManager

2023-07-24 19:53:35,926 INFO [ClientConnectionEventListenerRegistry] registry listener - ConnectionBasedClientManager

2023-07-24 19:53:50,935 INFO [ClientConnectionEventListenerRegistry] registry listener - ConnectionBasedClientManager

2023-07-24 19:54:09,760 INFO [ClientConnectionEventListenerRegistry] registry listener - ConnectionBasedClientManager

2023-07-24 19:54:24,505 INFO [ClientConnectionEventListenerRegistry] registry listener - ConnectionBasedClientManager

2023-07-24 19:54:39,083 INFO [ClientConnectionEventListenerRegistry] registry listener - ConnectionBasedClientManager

2023-07-24 19:54:53,637 INFO [ClientConnectionEventListenerRegistry] registry listener - ConnectionBasedClientManager

2023-07-24 19:55:08,059 INFO [ClientConnectionEventListenerRegistry] registry listener - ConnectionBasedClientManager

